<?xml version="1.0" encoding="UTF-8"?>
<!-- Generated by org.testng.reporters.JUnitReportReporter -->
<testsuite hostname="DESKTOP-R3GBI13" failures="0" tests="11" name="testSuitOrangeHRM" time="0.004" errors="1" timestamp="2024-07-13T18:11:50 IST" skipped="10">
  <testcase classname="testSuitOrangeHRM" name="TC03_EmployeeManagement" time="0.000">
    <skipped/>
  </testcase> <!-- TC03_EmployeeManagement -->
  <testcase classname="testSuitOrangeHRM" name="TC07_EmployeePerformance" time="0.000">
    <skipped/>
  </testcase> <!-- TC07_EmployeePerformance -->
  <testcase classname="testSuitOrangeHRM" name="TC05_EmployeeManagement" time="0.000">
    <skipped/>
  </testcase> <!-- TC05_EmployeeManagement -->
  <testcase classname="testSuitOrangeHRM" name="TC08_EmployeeCareerDevelopment" time="0.000">
    <skipped/>
  </testcase> <!-- TC08_EmployeeCareerDevelopment -->
  <testcase classname="testSuitOrangeHRM" name="beforeClass" time="0.003">
    <error message="\config\congif01.Properties (The system cannot find the path specified)" type="java.io.FileNotFoundException">
      <![CDATA[java.io.FileNotFoundException: \config\congif01.Properties (The system cannot find the path specified)
at java.base/java.io.FileInputStream.open0(Native Method)
at java.base/java.io.FileInputStream.open(FileInputStream.java:219)
at java.base/java.io.FileInputStream.<init>(FileInputStream.java:158)
at java.base/java.io.FileInputStream.<init>(FileInputStream.java:112)
at Variables.configProperties.initPropertyFile(configProperties.java:17)
at testSuitOrangeHRM.beforeClass(testSuitOrangeHRM.java:212)
at java.base/jdk.internal.reflect.DirectMethodHandleAccessor.invoke(DirectMethodHandleAccessor.java:104)
at java.base/java.lang.reflect.Method.invoke(Method.java:578)
at org.testng.internal.invokers.MethodInvocationHelper.invokeMethod(MethodInvocationHelper.java:141)
at org.testng.internal.invokers.MethodInvocationHelper.invokeMethodConsideringTimeout(MethodInvocationHelper.java:71)
at org.testng.internal.invokers.ConfigInvoker.invokeConfigurationMethod(ConfigInvoker.java:400)
at org.testng.internal.invokers.ConfigInvoker.invokeConfigurations(ConfigInvoker.java:333)
at org.testng.internal.invokers.TestMethodWorker.invokeBeforeClassMethods(TestMethodWorker.java:188)
at org.testng.internal.invokers.TestMethodWorker.run(TestMethodWorker.java:128)
at java.base/java.util.ArrayList.forEach(ArrayList.java:1511)
at org.testng.TestRunner.privateRun(TestRunner.java:739)
at org.testng.TestRunner.run(TestRunner.java:614)
at org.testng.SuiteRunner.runTest(SuiteRunner.java:421)
at org.testng.SuiteRunner.runSequentially(SuiteRunner.java:413)
at org.testng.SuiteRunner.privateRun(SuiteRunner.java:373)
at org.testng.SuiteRunner.run(SuiteRunner.java:312)
at org.testng.SuiteRunnerWorker.runSuite(SuiteRunnerWorker.java:52)
at org.testng.SuiteRunnerWorker.run(SuiteRunnerWorker.java:95)
at org.testng.TestNG.runSuitesSequentially(TestNG.java:1274)
at org.testng.TestNG.runSuitesLocally(TestNG.java:1208)
at org.testng.TestNG.runSuites(TestNG.java:1112)
at org.testng.TestNG.run(TestNG.java:1079)
at org.testng.remote.AbstractRemoteTestNG.run(AbstractRemoteTestNG.java:115)
at org.testng.remote.RemoteTestNG.initAndRun(RemoteTestNG.java:293)
at org.testng.remote.RemoteTestNG.main(RemoteTestNG.java:91)
]]>
    </error>
  </testcase> <!-- beforeClass -->
  <testcase classname="testSuitOrangeHRM" name="TC06_EmployeePerformance" time="0.000">
    <skipped/>
  </testcase> <!-- TC06_EmployeePerformance -->
  <testcase classname="testSuitOrangeHRM" name="TC02_Login" time="0.001">
    <skipped/>
  </testcase> <!-- TC02_Login -->
  <testcase classname="testSuitOrangeHRM" name="TC04_EmployeeManagement" time="0.000">
    <skipped/>
  </testcase> <!-- TC04_EmployeeManagement -->
  <testcase classname="testSuitOrangeHRM" name="TC01_Login" time="0.000">
    <skipped/>
  </testcase> <!-- TC01_Login -->
  <testcase classname="testSuitOrangeHRM" name="TC10_EmployeeRecruitment" time="0.000">
    <skipped/>
  </testcase> <!-- TC10_EmployeeRecruitment -->
  <testcase classname="testSuitOrangeHRM" name="TC09_EmployeeRequestDesk" time="0.000">
    <skipped/>
  </testcase> <!-- TC09_EmployeeRequestDesk -->
</testsuite> <!-- testSuitOrangeHRM -->
