<?xml version="1.0" encoding="UTF-8"?>
<!-- Generated by org.testng.reporters.JUnitReportReporter -->
<testsuite hostname="DESKTOP-R3GBI13" failures="0" tests="1" name="testSuitOrangeHRM" time="12.460" errors="0" timestamp="2024-05-06T15:48:08 IST" skipped="0">
  <testcase classname="testSuitOrangeHRM" name="TC02_Login" time="12.460"/>
</testsuite> <!-- testSuitOrangeHRM -->
