<?xml version="1.0" encoding="UTF-8"?>
<!-- Generated by org.testng.reporters.JUnitReportReporter -->
<testsuite hostname="DESKTOP-R3GBI13" failures="0" tests="1" name="testSuitOrangeHRM" time="80.755" errors="0" timestamp="2024-05-04T23:51:32 IST" skipped="0">
  <testcase classname="testSuitOrangeHRM" name="TC06_EmployeePerformance" time="80.755"/>
</testsuite> <!-- testSuitOrangeHRM -->
