<?xml version="1.0" encoding="UTF-8"?>
<!-- Generated by org.testng.reporters.JUnitReportReporter -->
<testsuite hostname="DESKTOP-R3GBI13" failures="0" tests="3" name="testSuitOrangeHRM" time="149.620" errors="0" timestamp="2024-05-04T18:31:03 IST" skipped="0">
  <testcase classname="testSuitOrangeHRM" name="TC04_EmployeeManagement" time="42.321"/>
  <testcase classname="testSuitOrangeHRM" name="TC01_Login" time="23.245"/>
  <testcase classname="testSuitOrangeHRM" name="TC03_EmployeeManagement" time="84.054"/>
</testsuite> <!-- testSuitOrangeHRM -->
