<?xml version="1.0" encoding="UTF-8"?>
<!-- Generated by org.testng.reporters.JUnitReportReporter -->
<testsuite hostname="DESKTOP-R3GBI13" failures="0" tests="1" name="testSuitOrangeHRM" time="49.316" errors="0" timestamp="2024-05-05T17:16:44 IST" skipped="0">
  <testcase classname="testSuitOrangeHRM" name="TC10_employeeRecruitment" time="49.316"/>
</testsuite> <!-- testSuitOrangeHRM -->
