<?xml version="1.0" encoding="UTF-8"?>
<!-- Generated by org.testng.reporters.JUnitReportReporter -->
<testsuite hostname="DESKTOP-R3GBI13" failures="0" tests="1" name="testSuitOrangeHRM" time="48.592" errors="0" timestamp="2024-07-13T21:15:31 IST" skipped="0">
  <testcase classname="testSuitOrangeHRM" name="TC10_EmployeeRecruitment" time="48.592"/>
</testsuite> <!-- testSuitOrangeHRM -->
