<?xml version="1.0" encoding="UTF-8"?>
<!-- Generated by org.testng.reporters.JUnitReportReporter -->
<testsuite hostname="DESKTOP-R3GBI13" failures="0" tests="1" name="testSuitOrangeHRM" time="25.328" errors="0" timestamp="2024-07-16T18:57:14 IST" skipped="0">
  <testcase classname="testSuitOrangeHRM" name="TC01_Login" time="25.328"/>
</testsuite> <!-- testSuitOrangeHRM -->
